Построение начато 03.10.2016 10:24:31.
     1>Проект "C:\Users\user\documents\visual studio 2010\Projects\Laba_3\Laba_3\Laba_3.vcxproj" в узле 2 (целевые объекты build).
     1>InitializeBuildStatus:
         Обращение к "Debug\Laba_3.unsuccessfulbuild".
       ClCompile:
         C:\Program Files (x86)\Microsoft Visual Studio 10.0\VC\bin\CL.exe /c /ZI /nologo /W3 /WX- /Od /Oy- /D _MBCS /Gm /EHsc /RTC1 /MDd /GS /fp:precise /Zc:wchar_t /Zc:forScope /Fo"Debug\\" /Fd"Debug\vc100.pdb" /Gd /TP /analyze- /errorReport:prompt Candies.cpp Chocolate_Candy.cpp Cookies.cpp Main.cpp Product.cpp
         Candies.cpp
         Создание кода...
         Компиляция...
         Product.cpp
         Main.cpp
         Cookies.cpp
         Chocolate_Candy.cpp
         Создание кода...
       Link:
         C:\Program Files (x86)\Microsoft Visual Studio 10.0\VC\bin\link.exe /ERRORREPORT:PROMPT /OUT:"C:\Users\user\documents\visual studio 2010\Projects\Laba_3\Debug\Laba_3.exe" /NOLOGO kernel32.lib user32.lib gdi32.lib winspool.lib comdlg32.lib advapi32.lib shell32.lib ole32.lib oleaut32.lib uuid.lib odbc32.lib odbccp32.lib /MANIFEST /ManifestFile:"Debug\Laba_3.exe.intermediate.manifest" /MANIFESTUAC:"level='asInvoker' uiAccess='false'" /DEBUG /PDB:"C:\Users\user\documents\visual studio 2010\Projects\Laba_3\Debug\Laba_3.pdb" /TLBID:1 /DYNAMICBASE /NXCOMPAT /IMPLIB:"C:\Users\user\documents\visual studio 2010\Projects\Laba_3\Debug\Laba_3.lib" /MACHINE:X86 Debug\Candies.obj
         Debug\Caramel.obj
         Debug\Chocolate_Candy.obj
         Debug\Cookies.obj
         Debug\Main.obj
         Debug\Product.obj
         Laba_3.vcxproj -> C:\Users\user\documents\visual studio 2010\Projects\Laba_3\Debug\Laba_3.exe
       Manifest:
         C:\Program Files (x86)\Microsoft SDKs\Windows\v7.0A\bin\mt.exe /nologo /verbose /outputresource:"C:\Users\user\documents\visual studio 2010\Projects\Laba_3\Debug\Laba_3.exe;#1" /manifest Debug\Laba_3.exe.intermediate.manifest
       FinalizeBuildStatus:
         Файл "Debug\Laba_3.unsuccessfulbuild" удаляется.
         Обращение к "Debug\Laba_3.lastbuildstate".
     1>Построение проекта "C:\Users\user\documents\visual studio 2010\Projects\Laba_3\Laba_3\Laba_3.vcxproj" завершено (целевые объекты build).

Построение успешно завершено.

Затраченное время: 00:00:02.33
